# JRE version: OpenJDK Runtime Environment Temurin-21.0.10+7 (21.0.10+7) (build 21.0.10+7-LTS)
# Java VM: OpenJDK 64-Bit Server VM Temurin-21.0.10+7 (21.0.10+7-LTS, mixed mode, sharing, tiered, compressed oops, compressed class ptrs, parallel gc, windows-amd64)
GC Precious Log:
 CardTable entry size: 512
 CPUs: 16 total, 16 available
 Memory: 16052M
 Large Page Support: Disabled
 NUMA Support: Disabled
 Compressed Oops: Enabled (32-bit)
 Alignments: Space 512K, Generation 512K, Heap 2M
 Heap Min Capacity: 100M
 Heap Initial Capacity: 100M
 Heap Max Capacity: 2G
 Pre-touch: Disabled
 Parallel Workers: 13
Heap:
 PSYoungGen      total 23040K, used 6712K [0x00000000d5580000, 0x00000000d7200000, 0x0000000100000000)
  eden space 22016K, 25% used [0x00000000d5580000,0x00000000d5b0fe58,0x00000000d6b00000)
  from space 1024K, 99% used [0x00000000d7080000,0x00000000d717e3b0,0x00000000d7180000)
  to   space 3584K, 0% used [0x00000000d6b00000,0x00000000d6b00000,0x00000000d6e80000)
 ParOldGen       total 68608K, used 32241K [0x0000000080000000, 0x0000000084300000, 0x00000000d5580000)
  object space 68608K, 46% used [0x0000000080000000,0x0000000081f7c740,0x0000000084300000)
 Metaspace       used 53477K, committed 54528K, reserved 1114112K
  class space    used 5254K, committed 5760K, reserved 1048576K
GC Heap History (20 events):
Event: 15.495 GC heap before
{Heap before GC invocations=19 (full 2):
 PSYoungGen      total 23552K, used 23136K [0x00000000d5580000, 0x00000000d7180000, 0x0000000100000000)
  eden space 22016K, 100% used [0x00000000d5580000,0x00000000d6b00000,0x00000000d6b00000)
  from space 1536K, 72% used [0x00000000d7000000,0x00000000d7118000,0x00000000d7180000)
  to   space 1536K, 0% used [0x00000000d6e80000,0x00000000d6e80000,0x00000000d7000000)
 ParOldGen       total 68608K, used 19100K [0x0000000080000000, 0x0000000084300000, 0x00000000d5580000)
  object space 68608K, 27% used [0x0000000080000000,0x00000000812a7068,0x0000000084300000)
 Metaspace       used 45366K, committed 46400K, reserved 1114112K
  class space    used 4498K, committed 4992K, reserved 1048576K
}
Event: 15.498 GC heap after
{Heap after GC invocations=19 (full 2):
 PSYoungGen      total 23552K, used 1536K [0x00000000d5580000, 0x00000000d7100000, 0x0000000100000000)
  eden space 22016K, 0% used [0x00000000d5580000,0x00000000d5580000,0x00000000d6b00000)
  from space 1536K, 100% used [0x00000000d6e80000,0x00000000d7000000,0x00000000d7000000)
  to   space 1024K, 0% used [0x00000000d7000000,0x00000000d7000000,0x00000000d7100000)
 ParOldGen       total 68608K, used 20008K [0x0000000080000000, 0x0000000084300000, 0x00000000d5580000)
  object space 68608K, 29% used [0x0000000080000000,0x000000008138a078,0x0000000084300000)
 Metaspace       used 45366K, committed 46400K, reserved 1114112K
  class space    used 4498K, committed 4992K, reserved 1048576K
}
Event: 16.856 GC heap before
{Heap before GC invocations=20 (full 2):
 PSYoungGen      total 23552K, used 23537K [0x00000000d5580000, 0x00000000d7100000, 0x0000000100000000)
  eden space 22016K, 99% used [0x00000000d5580000,0x00000000d6afc750,0x00000000d6b00000)
  from space 1536K, 100% used [0x00000000d6e80000,0x00000000d7000000,0x00000000d7000000)
  to   space 1024K, 0% used [0x00000000d7000000,0x00000000d7000000,0x00000000d7100000)
 ParOldGen       total 68608K, used 20008K [0x0000000080000000, 0x0000000084300000, 0x00000000d5580000)
  object space 68608K, 29% used [0x0000000080000000,0x000000008138a078,0x0000000084300000)
 Metaspace       used 48562K, committed 49536K, reserved 1114112K
  class space    used 4814K, committed 5248K, reserved 1048576K
}
Event: 16.859 GC heap after
{Heap after GC invocations=20 (full 2):
 PSYoungGen      total 23040K, used 1019K [0x00000000d5580000, 0x00000000d7100000, 0x0000000100000000)
  eden space 22016K, 0% used [0x00000000d5580000,0x00000000d5580000,0x00000000d6b00000)
  from space 1024K, 99% used [0x00000000d7000000,0x00000000d70fef00,0x00000000d7100000)
  to   space 3072K, 0% used [0x00000000d6b00000,0x00000000d6b00000,0x00000000d6e00000)
 ParOldGen       total 68608K, used 21904K [0x0000000080000000, 0x0000000084300000, 0x00000000d5580000)
  object space 68608K, 31% used [0x0000000080000000,0x00000000815640a8,0x0000000084300000)
 Metaspace       used 48562K, committed 49536K, reserved 1114112K
  class space    used 4814K, committed 5248K, reserved 1048576K
}
Event: 23.493 GC heap before
{Heap before GC invocations=21 (full 2):
 PSYoungGen      total 23040K, used 23035K [0x00000000d5580000, 0x00000000d7100000, 0x0000000100000000)
  eden space 22016K, 100% used [0x00000000d5580000,0x00000000d6b00000,0x00000000d6b00000)
  from space 1024K, 99% used [0x00000000d7000000,0x00000000d70fef00,0x00000000d7100000)
  to   space 3072K, 0% used [0x00000000d6b00000,0x00000000d6b00000,0x00000000d6e00000)
 ParOldGen       total 68608K, used 21904K [0x0000000080000000, 0x0000000084300000, 0x00000000d5580000)
  object space 68608K, 31% used [0x0000000080000000,0x00000000815640a8,0x0000000084300000)
 Metaspace       used 49549K, committed 50624K, reserved 1114112K
  class space    used 4899K, committed 5376K, reserved 1048576K
}
Event: 23.497 GC heap after
{Heap after GC invocations=21 (full 2):
 PSYoungGen      total 25088K, used 3049K [0x00000000d5580000, 0x00000000d7600000, 0x0000000100000000)
  eden space 22016K, 0% used [0x00000000d5580000,0x00000000d5580000,0x00000000d6b00000)
  from space 3072K, 99% used [0x00000000d6b00000,0x00000000d6dfa500,0x00000000d6e00000)
  to   space 5632K, 0% used [0x00000000d7080000,0x00000000d7080000,0x00000000d7600000)
 ParOldGen       total 68608K, used 23847K [0x0000000080000000, 0x0000000084300000, 0x00000000d5580000)
  object space 68608K, 34% used [0x0000000080000000,0x0000000081749ee8,0x0000000084300000)
 Metaspace       used 49549K, committed 50624K, reserved 1114112K
  class space    used 4899K, committed 5376K, reserved 1048576K
}
Event: 23.587 GC heap before
{Heap before GC invocations=22 (full 2):
 PSYoungGen      total 25088K, used 25065K [0x00000000d5580000, 0x00000000d7600000, 0x0000000100000000)
  eden space 22016K, 100% used [0x00000000d5580000,0x00000000d6b00000,0x00000000d6b00000)
  from space 3072K, 99% used [0x00000000d6b00000,0x00000000d6dfa500,0x00000000d6e00000)
  to   space 5632K, 0% used [0x00000000d7080000,0x00000000d7080000,0x00000000d7600000)
 ParOldGen       total 68608K, used 23847K [0x0000000080000000, 0x0000000084300000, 0x00000000d5580000)
  object space 68608K, 34% used [0x0000000080000000,0x0000000081749ee8,0x0000000084300000)
 Metaspace       used 49602K, committed 50624K, reserved 1114112K
  class space    used 4901K, committed 5376K, reserved 1048576K
}
Event: 23.591 GC heap after
{Heap after GC invocations=22 (full 2):
 PSYoungGen      total 26624K, used 4256K [0x00000000d5580000, 0x00000000d7500000, 0x0000000100000000)
  eden space 22016K, 0% used [0x00000000d5580000,0x00000000d5580000,0x00000000d6b00000)
  from space 4608K, 92% used [0x00000000d7080000,0x00000000d74a8000,0x00000000d7500000)
  to   space 4608K, 0% used [0x00000000d6c00000,0x00000000d6c00000,0x00000000d7080000)
 ParOldGen       total 68608K, used 25526K [0x0000000080000000, 0x0000000084300000, 0x00000000d5580000)
  object space 68608K, 37% used [0x0000000080000000,0x00000000818ed948,0x0000000084300000)
 Metaspace       used 49602K, committed 50624K, reserved 1114112K
  class space    used 4901K, committed 5376K, reserved 1048576K
}
Event: 23.635 GC heap before
{Heap before GC invocations=23 (full 2):
 PSYoungGen      total 26624K, used 26272K [0x00000000d5580000, 0x00000000d7500000, 0x0000000100000000)
  eden space 22016K, 100% used [0x00000000d5580000,0x00000000d6b00000,0x00000000d6b00000)
  from space 4608K, 92% used [0x00000000d7080000,0x00000000d74a8000,0x00000000d7500000)
  to   space 4608K, 0% used [0x00000000d6c00000,0x00000000d6c00000,0x00000000d7080000)
 ParOldGen       total 68608K, used 25526K [0x0000000080000000, 0x0000000084300000, 0x00000000d5580000)
  object space 68608K, 37% used [0x0000000080000000,0x00000000818ed948,0x0000000084300000)
 Metaspace       used 49608K, committed 50688K, reserved 1114112K
  class space    used 4901K, committed 5376K, reserved 1048576K
}
Event: 23.641 GC heap after
{Heap after GC invocations=23 (full 2):
 PSYoungGen      total 26624K, used 4592K [0x00000000d5580000, 0x00000000d7d00000, 0x0000000100000000)
  eden space 22016K, 0% used [0x00000000d5580000,0x00000000d5580000,0x00000000d6b00000)
  from space 4608K, 99% used [0x00000000d6c00000,0x00000000d707c018,0x00000000d7080000)
  to   space 9216K, 0% used [0x00000000d7400000,0x00000000d7400000,0x00000000d7d00000)
 ParOldGen       total 68608K, used 29107K [0x0000000080000000, 0x0000000084300000, 0x00000000d5580000)
  object space 68608K, 42% used [0x0000000080000000,0x0000000081c6cdb0,0x0000000084300000)
 Metaspace       used 49608K, committed 50688K, reserved 1114112K
  class space    used 4901K, committed 5376K, reserved 1048576K
}
Event: 23.821 GC heap before
{Heap before GC invocations=24 (full 2):
 PSYoungGen      total 26624K, used 26608K [0x00000000d5580000, 0x00000000d7d00000, 0x0000000100000000)
  eden space 22016K, 100% used [0x00000000d5580000,0x00000000d6b00000,0x00000000d6b00000)
  from space 4608K, 99% used [0x00000000d6c00000,0x00000000d707c018,0x00000000d7080000)
  to   space 9216K, 0% used [0x00000000d7400000,0x00000000d7400000,0x00000000d7d00000)
 ParOldGen       total 68608K, used 29107K [0x0000000080000000, 0x0000000084300000, 0x00000000d5580000)
  object space 68608K, 42% used [0x0000000080000000,0x0000000081c6cdb0,0x0000000084300000)
 Metaspace       used 49734K, committed 50816K, reserved 1114112K
  class space    used 4910K, committed 5376K, reserved 1048576K
}
Event: 23.824 GC heap after
{Heap after GC invocations=24 (full 2):
 PSYoungGen      total 23552K, used 1504K [0x00000000d5580000, 0x00000000d7580000, 0x0000000100000000)
  eden space 22016K, 0% used [0x00000000d5580000,0x00000000d5580000,0x00000000d6b00000)
  from space 1536K, 97% used [0x00000000d7400000,0x00000000d7578000,0x00000000d7580000)
  to   space 4096K, 0% used [0x00000000d6d80000,0x00000000d6d80000,0x00000000d7180000)
 ParOldGen       total 68608K, used 29227K [0x0000000080000000, 0x0000000084300000, 0x00000000d5580000)
  object space 68608K, 42% used [0x0000000080000000,0x0000000081c8adb0,0x0000000084300000)
 Metaspace       used 49734K, committed 50816K, reserved 1114112K
  class space    used 4910K, committed 5376K, reserved 1048576K
}
Event: 23.894 GC heap before
{Heap before GC invocations=25 (full 2):
 PSYoungGen      total 23552K, used 23520K [0x00000000d5580000, 0x00000000d7580000, 0x0000000100000000)
  eden space 22016K, 100% used [0x00000000d5580000,0x00000000d6b00000,0x00000000d6b00000)
  from space 1536K, 97% used [0x00000000d7400000,0x00000000d7578000,0x00000000d7580000)
  to   space 4096K, 0% used [0x00000000d6d80000,0x00000000d6d80000,0x00000000d7180000)
 ParOldGen       total 68608K, used 29227K [0x0000000080000000, 0x0000000084300000, 0x00000000d5580000)
  object space 68608K, 42% used [0x0000000080000000,0x0000000081c8adb0,0x0000000084300000)
 Metaspace       used 49755K, committed 50816K, reserved 1114112K
  class space    used 4910K, committed 5376K, reserved 1048576K
}
Event: 23.896 GC heap after
{Heap after GC invocations=25 (full 2):
 PSYoungGen      total 25600K, used 3168K [0x00000000d5580000, 0x00000000d7480000, 0x0000000100000000)
  eden space 22016K, 0% used [0x00000000d5580000,0x00000000d5580000,0x00000000d6b00000)
  from space 3584K, 88% used [0x00000000d6d80000,0x00000000d7098000,0x00000000d7100000)
  to   space 3584K, 0% used [0x00000000d7100000,0x00000000d7100000,0x00000000d7480000)
 ParOldGen       total 68608K, used 29803K [0x0000000080000000, 0x0000000084300000, 0x00000000d5580000)
  object space 68608K, 43% used [0x0000000080000000,0x0000000081d1adb0,0x0000000084300000)
 Metaspace       used 49755K, committed 50816K, reserved 1114112K
  class space    used 4910K, committed 5376K, reserved 1048576K
}
Event: 25.582 GC heap before
{Heap before GC invocations=26 (full 2):
 PSYoungGen      total 25600K, used 25183K [0x00000000d5580000, 0x00000000d7480000, 0x0000000100000000)
  eden space 22016K, 99% used [0x00000000d5580000,0x00000000d6afffc8,0x00000000d6b00000)
  from space 3584K, 88% used [0x00000000d6d80000,0x00000000d7098000,0x00000000d7100000)
  to   space 3584K, 0% used [0x00000000d7100000,0x00000000d7100000,0x00000000d7480000)
 ParOldGen       total 68608K, used 29803K [0x0000000080000000, 0x0000000084300000, 0x00000000d5580000)
  object space 68608K, 43% used [0x0000000080000000,0x0000000081d1adb0,0x0000000084300000)
 Metaspace       used 50786K, committed 51840K, reserved 1114112K
  class space    used 5004K, committed 5504K, reserved 1048576K
}
Event: 25.585 GC heap after
{Heap after GC invocations=26 (full 2):
 PSYoungGen      total 23040K, used 794K [0x00000000d5580000, 0x00000000d7200000, 0x0000000100000000)
  eden space 22016K, 0% used [0x00000000d5580000,0x00000000d5580000,0x00000000d6b00000)
  from space 1024K, 77% used [0x00000000d7100000,0x00000000d71c6960,0x00000000d7200000)
  to   space 2048K, 0% used [0x00000000d6e00000,0x00000000d6e00000,0x00000000d7000000)
 ParOldGen       total 68608K, used 29907K [0x0000000080000000, 0x0000000084300000, 0x00000000d5580000)
  object space 68608K, 43% used [0x0000000080000000,0x0000000081d34db0,0x0000000084300000)
 Metaspace       used 50786K, committed 51840K, reserved 1114112K
  class space    used 5004K, committed 5504K, reserved 1048576K
}
Event: 26.841 GC heap before
{Heap before GC invocations=27 (full 2):
 PSYoungGen      total 23040K, used 22810K [0x00000000d5580000, 0x00000000d7200000, 0x0000000100000000)
  eden space 22016K, 100% used [0x00000000d5580000,0x00000000d6b00000,0x00000000d6b00000)
  from space 1024K, 77% used [0x00000000d7100000,0x00000000d71c6960,0x00000000d7200000)
  to   space 2048K, 0% used [0x00000000d6e00000,0x00000000d6e00000,0x00000000d7000000)
 ParOldGen       total 68608K, used 29907K [0x0000000080000000, 0x0000000084300000, 0x00000000d5580000)
  object space 68608K, 43% used [0x0000000080000000,0x0000000081d34db0,0x0000000084300000)
 Metaspace       used 50890K, committed 51968K, reserved 1114112K
  class space    used 5013K, committed 5504K, reserved 1048576K
}
Event: 26.843 GC heap after
{Heap after GC invocations=27 (full 2):
 PSYoungGen      total 24064K, used 544K [0x00000000d5580000, 0x00000000d7180000, 0x0000000100000000)
  eden space 22016K, 0% used [0x00000000d5580000,0x00000000d5580000,0x00000000d6b00000)
  from space 2048K, 26% used [0x00000000d6e00000,0x00000000d6e88000,0x00000000d7000000)
  to   space 1024K, 0% used [0x00000000d7080000,0x00000000d7080000,0x00000000d7180000)
 ParOldGen       total 68608K, used 30446K [0x0000000080000000, 0x0000000084300000, 0x00000000d5580000)
  object space 68608K, 44% used [0x0000000080000000,0x0000000081dbb8e8,0x0000000084300000)
 Metaspace       used 50890K, committed 51968K, reserved 1114112K
  class space    used 5013K, committed 5504K, reserved 1048576K
}
Event: 28.374 GC heap before
{Heap before GC invocations=28 (full 2):
 PSYoungGen      total 24064K, used 22554K [0x00000000d5580000, 0x00000000d7180000, 0x0000000100000000)
  eden space 22016K, 99% used [0x00000000d5580000,0x00000000d6afebf8,0x00000000d6b00000)
  from space 2048K, 26% used [0x00000000d6e00000,0x00000000d6e88000,0x00000000d7000000)
  to   space 1024K, 0% used [0x00000000d7080000,0x00000000d7080000,0x00000000d7180000)
 ParOldGen       total 68608K, used 30446K [0x0000000080000000, 0x0000000084300000, 0x00000000d5580000)
  object space 68608K, 44% used [0x0000000080000000,0x0000000081dbb8e8,0x0000000084300000)
 Metaspace       used 53257K, committed 54400K, reserved 1114112K
  class space    used 5230K, committed 5760K, reserved 1048576K
}
Event: 28.379 GC heap after
{Heap after GC invocations=28 (full 2):
 PSYoungGen      total 23040K, used 1016K [0x00000000d5580000, 0x00000000d7200000, 0x0000000100000000)
  eden space 22016K, 0% used [0x00000000d5580000,0x00000000d5580000,0x00000000d6b00000)
  from space 1024K, 99% used [0x00000000d7080000,0x00000000d717e3b0,0x00000000d7180000)
  to   space 3584K, 0% used [0x00000000d6b00000,0x00000000d6b00000,0x00000000d6e80000)
 ParOldGen       total 68608K, used 32241K [0x0000000080000000, 0x0000000084300000, 0x00000000d5580000)
  object space 68608K, 46% used [0x0000000080000000,0x0000000081f7c740,0x0000000084300000)
 Metaspace       used 53257K, committed 54400K, reserved 1114112K
  class space    used 5230K, committed 5760K, reserved 1048576K
}

