# JRE version: OpenJDK Runtime Environment Temurin-17.0.9+9 (17.0.9+9) (build 17.0.9+9)
# Java VM: OpenJDK 64-Bit Server VM Temurin-17.0.9+9 (17.0.9+9, mixed mode, sharing, tiered, compressed oops, compressed class ptrs, g1 gc, windows-amd64)
GC Precious Log:
 CPUs: 16 total, 16 available
 Memory: 16052M
 Large Page Support: Disabled
 NUMA Support: Disabled
 Compressed Oops: Enabled (Zero based)
 Heap Region Size: 2M
 Heap Min Capacity: 8M
 Heap Initial Capacity: 252M
 Heap Max Capacity: 4014M
 Pre-touch: Disabled
 Parallel Workers: 13
 Concurrent Workers: 3
 Concurrent Refinement Workers: 13
 Periodic GC: Disabled
Heap:
 garbage-first heap   total 94208K, used 51238K [0x0000000705200000, 0x0000000800000000)
  region size 2048K, 13 young (26624K), 2 survivors (4096K)
 Metaspace       used 73725K, committed 74240K, reserved 1114112K
  class space    used 9994K, committed 10240K, reserved 1048576K
GC Heap History (20 events):
Event: 2.676 GC heap before
{Heap before GC invocations=2 (full 0):
 garbage-first heap   total 258048K, used 58699K [0x0000000705200000, 0x0000000800000000)
  region size 2048K, 27 young (55296K), 2 survivors (4096K)
 Metaspace       used 21135K, committed 21504K, reserved 1114112K
  class space    used 2695K, committed 2880K, reserved 1048576K
}
Event: 2.681 GC heap after
{Heap after GC invocations=3 (full 0):
 garbage-first heap   total 258048K, used 15868K [0x0000000705200000, 0x0000000800000000)
  region size 2048K, 4 young (8192K), 4 survivors (8192K)
 Metaspace       used 21135K, committed 21504K, reserved 1114112K
  class space    used 2695K, committed 2880K, reserved 1048576K
}
Event: 3.415 GC heap before
{Heap before GC invocations=4 (full 0):
 garbage-first heap   total 69632K, used 48636K [0x0000000705200000, 0x0000000800000000)
  region size 2048K, 20 young (40960K), 4 survivors (8192K)
 Metaspace       used 25163K, committed 25600K, reserved 1114112K
  class space    used 3241K, committed 3456K, reserved 1048576K
}
Event: 3.422 GC heap after
{Heap after GC invocations=5 (full 0):
 garbage-first heap   total 69632K, used 18169K [0x0000000705200000, 0x0000000800000000)
  region size 2048K, 2 young (4096K), 2 survivors (4096K)
 Metaspace       used 25163K, committed 25600K, reserved 1114112K
  class space    used 3241K, committed 3456K, reserved 1048576K
}
Event: 4.457 GC heap before
{Heap before GC invocations=5 (full 0):
 garbage-first heap   total 69632K, used 42745K [0x0000000705200000, 0x0000000800000000)
  region size 2048K, 14 young (28672K), 2 survivors (4096K)
 Metaspace       used 29528K, committed 29952K, reserved 1114112K
  class space    used 3886K, committed 4096K, reserved 1048576K
}
Event: 4.467 GC heap after
{Heap after GC invocations=6 (full 0):
 garbage-first heap   total 69632K, used 20836K [0x0000000705200000, 0x0000000800000000)
  region size 2048K, 2 young (4096K), 2 survivors (4096K)
 Metaspace       used 29528K, committed 29952K, reserved 1114112K
  class space    used 3886K, committed 4096K, reserved 1048576K
}
Event: 5.674 GC heap before
{Heap before GC invocations=6 (full 0):
 garbage-first heap   total 69632K, used 45412K [0x0000000705200000, 0x0000000800000000)
  region size 2048K, 14 young (28672K), 2 survivors (4096K)
 Metaspace       used 35020K, committed 35456K, reserved 1114112K
  class space    used 4583K, committed 4800K, reserved 1048576K
}
Event: 5.685 GC heap after
{Heap after GC invocations=7 (full 0):
 garbage-first heap   total 69632K, used 22807K [0x0000000705200000, 0x0000000800000000)
  region size 2048K, 1 young (2048K), 1 survivors (2048K)
 Metaspace       used 35020K, committed 35456K, reserved 1114112K
  class space    used 4583K, committed 4800K, reserved 1048576K
}
Event: 5.721 GC heap before
{Heap before GC invocations=7 (full 0):
 garbage-first heap   total 69632K, used 22807K [0x0000000705200000, 0x0000000800000000)
  region size 2048K, 2 young (4096K), 1 survivors (2048K)
 Metaspace       used 35577K, committed 35968K, reserved 1114112K
  class space    used 4669K, committed 4864K, reserved 1048576K
}
Event: 5.726 GC heap after
{Heap after GC invocations=8 (full 0):
 garbage-first heap   total 69632K, used 23017K [0x0000000705200000, 0x0000000800000000)
  region size 2048K, 2 young (4096K), 2 survivors (4096K)
 Metaspace       used 35577K, committed 35968K, reserved 1114112K
  class space    used 4669K, committed 4864K, reserved 1048576K
}
Event: 6.445 GC heap before
{Heap before GC invocations=9 (full 0):
 garbage-first heap   total 69632K, used 47593K [0x0000000705200000, 0x0000000800000000)
  region size 2048K, 14 young (28672K), 2 survivors (4096K)
 Metaspace       used 40541K, committed 41024K, reserved 1114112K
  class space    used 5672K, committed 5888K, reserved 1048576K
}
Event: 6.452 GC heap after
{Heap after GC invocations=10 (full 0):
 garbage-first heap   total 69632K, used 24622K [0x0000000705200000, 0x0000000800000000)
  region size 2048K, 2 young (4096K), 2 survivors (4096K)
 Metaspace       used 40541K, committed 41024K, reserved 1114112K
  class space    used 5672K, committed 5888K, reserved 1048576K
}
Event: 7.421 GC heap before
{Heap before GC invocations=10 (full 0):
 garbage-first heap   total 69632K, used 49198K [0x0000000705200000, 0x0000000800000000)
  region size 2048K, 14 young (28672K), 2 survivors (4096K)
 Metaspace       used 50843K, committed 51392K, reserved 1114112K
  class space    used 6912K, committed 7168K, reserved 1048576K
}
Event: 7.435 GC heap after
{Heap after GC invocations=11 (full 0):
 garbage-first heap   total 69632K, used 27077K [0x0000000705200000, 0x0000000800000000)
  region size 2048K, 2 young (4096K), 2 survivors (4096K)
 Metaspace       used 50843K, committed 51392K, reserved 1114112K
  class space    used 6912K, committed 7168K, reserved 1048576K
}
Event: 8.292 GC heap before
{Heap before GC invocations=11 (full 0):
 garbage-first heap   total 69632K, used 49605K [0x0000000705200000, 0x0000000800000000)
  region size 2048K, 14 young (28672K), 2 survivors (4096K)
 Metaspace       used 56525K, committed 57088K, reserved 1114112K
  class space    used 7531K, committed 7808K, reserved 1048576K
}
Event: 8.311 GC heap after
{Heap after GC invocations=12 (full 0):
 garbage-first heap   total 94208K, used 28689K [0x0000000705200000, 0x0000000800000000)
  region size 2048K, 1 young (2048K), 1 survivors (2048K)
 Metaspace       used 56525K, committed 57088K, reserved 1114112K
  class space    used 7531K, committed 7808K, reserved 1048576K
}
Event: 8.833 GC heap before
{Heap before GC invocations=12 (full 0):
 garbage-first heap   total 94208K, used 43025K [0x0000000705200000, 0x0000000800000000)
  region size 2048K, 9 young (18432K), 1 survivors (2048K)
 Metaspace       used 59730K, committed 60160K, reserved 1114112K
  class space    used 7922K, committed 8128K, reserved 1048576K
}
Event: 8.838 GC heap after
{Heap after GC invocations=13 (full 0):
 garbage-first heap   total 94208K, used 28974K [0x0000000705200000, 0x0000000800000000)
  region size 2048K, 1 young (2048K), 1 survivors (2048K)
 Metaspace       used 59730K, committed 60160K, reserved 1114112K
  class space    used 7922K, committed 8128K, reserved 1048576K
}
Event: 10.400 GC heap before
{Heap before GC invocations=14 (full 0):
 garbage-first heap   total 94208K, used 71982K [0x0000000705200000, 0x0000000800000000)
  region size 2048K, 22 young (45056K), 1 survivors (2048K)
 Metaspace       used 69771K, committed 70272K, reserved 1114112K
  class space    used 9506K, committed 9728K, reserved 1048576K
}
Event: 10.412 GC heap after
{Heap after GC invocations=15 (full 0):
 garbage-first heap   total 94208K, used 30758K [0x0000000705200000, 0x0000000800000000)
  region size 2048K, 2 young (4096K), 2 survivors (4096K)
 Metaspace       used 69771K, committed 70272K, reserved 1114112K
  class space    used 9506K, committed 9728K, reserved 1048576K
}

